2017-12-08 22:50:33,348 ERROR <App_keywords.Action instance at 0x01F75508>找不到元素('id ', 'com.taobao.taobao:id/home_searchedit')' 
2017-12-08 22:50:33,351 ERROR 点击出错,找不到元素com.taobao.taobao:id/home_searchedit' 
2017-12-08 22:50:33,355 ERROR <App_keywords.Action instance at 0x01F75508>找不到元素('i', 'd', ' ')' 
2017-12-08 22:50:33,358 ERROR <App_keywords.Action instance at 0x01F75508>找不到元素id ' 
2017-12-08 22:57:40,197 ERROR <App_keywords.Action instance at 0x02029968>找不到元素('id ', 'com.taobao.taobao:id/home_searchedit')' 
2017-12-08 22:57:40,198 ERROR 点击出错,找不到元素com.taobao.taobao:id/home_searchedit' 
2017-12-08 22:57:40,200 ERROR <App_keywords.Action instance at 0x02029968>找不到元素('i', 'd', ' ')' 
2017-12-08 22:57:40,200 ERROR <App_keywords.Action instance at 0x02029968>找不到元素id ' 
2017-12-10 21:23:59,648 ERROR <App_keywords.Action instance at 0x0203CA30>找不到元素('xpath', "//android.widget.EditText[@resource-id='com.taobao.taobao:id/home_searchedit']")' 
2017-12-10 21:23:59,671 ERROR 点击出错,找不到元素//android.widget.EditText[@resource-id='com.taobao.taobao:id/home_searchedit']' 
2017-12-10 21:23:59,673 ERROR <App_keywords.Action instance at 0x0203CA30>找不到元素('id', 'com.taobao.taobao:id/searchEdit')' 
2017-12-10 21:23:59,674 ERROR <App_keywords.Action instance at 0x0203CA30>输入出错sssssss' 
2017-12-10 21:24:47,862 ERROR <App_keywords.Action instance at 0x01FF48C8>找不到元素('xpath', "//android.widget.EditText[@resource-id='com.taobao.taobao:id/home_searchedit']")' 
2017-12-10 21:24:47,864 ERROR 点击出错,找不到元素//android.widget.EditText[@resource-id='com.taobao.taobao:id/home_searchedit']' 
2017-12-10 21:24:47,865 ERROR <App_keywords.Action instance at 0x01FF48C8>找不到元素('id', 'com.taobao.taobao:id/searchEdit')' 
2017-12-10 21:24:47,867 ERROR <App_keywords.Action instance at 0x01FF48C8>输入出错sssssss' 
2017-12-10 23:19:26,507 ERROR <App_keywords.Action instance at 0x02162C60>找不到元素('id', 'com.taobao.taobao:id/home_searchedit')' 
2017-12-10 23:19:26,532 ERROR 点击出错,找不到元素com.taobao.taobao:id/home_searchedit' 
2017-12-10 23:19:27,535 ERROR <App_keywords.Action instance at 0x02162C60>找不到元素('id', 'com.taobao.taobao:id/searchEdit')' 
2017-12-10 23:19:27,539 ERROR <App_keywords.Action instance at 0x02162C60>输入 'milk' 出错' 
2017-12-10 23:34:06,638 ERROR <App_keywords.Action instance at 0x02052C60>找不到元素('id', 'com.taobao.taobao:id/home_searchedit')' 
2017-12-10 23:34:06,640 ERROR 点击出错,找不到元素com.taobao.taobao:id/home_searchedit' 
2017-12-10 23:34:07,641 ERROR <App_keywords.Action instance at 0x02052C60>找不到元素('id', 'com.taobao.taobao:id/searchEdit')' 
2017-12-10 23:34:07,648 ERROR <App_keywords.Action instance at 0x02052C60>输入 'milk' 出错' 
